1621537784754	mozrunner::runner	INFO	Running command: "C:\\Program Files\\Mozilla Firefox\\firefox.exe" "-marionette" "-foreground" "-no-remote" "-profile" "C:\\Users\\Ganesh\\AppData\\Local\\Temp\\rust_mozprofileTJT3jn"
1621537786836	Marionette	INFO	Marionette enabled
JavaScript error: resource://gre/modules/XULStore.jsm, line 66: Error: Can't find profile directory.
console.warn: SearchSettings: "get: No settings file exists, new profile?" (new Error("", "(unknown module)"))
JavaScript error: resource://gre/modules/XULStore.jsm, line 66: Error: Can't find profile directory.
JavaScript error: resource://gre/modules/XULStore.jsm, line 66: Error: Can't find profile directory.
JavaScript error: resource://gre/modules/XULStore.jsm, line 66: Error: Can't find profile directory.
JavaScript error: resource://gre/modules/XULStore.jsm, line 66: Error: Can't find profile directory.
JavaScript error: resource://gre/modules/XULStore.jsm, line 66: Error: Can't find profile directory.
1621537798705	Marionette	INFO	Listening on port 58677
1621537799175	Marionette	WARN	TLS certificate errors will be ignored for this session
console.error: "Error while calling actor 'layout's method 'getGrids'" "node is null"
console.error: (new TypeError("node is null", "resource://devtools/server/actors/layout.js", 502))
1621537849498	Marionette	INFO	Stopped listening on port 58677
1621537873988	mozrunner::runner	INFO	Running command: "C:\\Program Files\\Mozilla Firefox\\firefox.exe" "-marionette" "-foreground" "-no-remote" "-profile" "C:\\Users\\Ganesh\\AppData\\Local\\Temp\\rust_mozprofileBa6XfH"
1621537875247	Marionette	INFO	Marionette enabled
JavaScript error: resource://gre/modules/XULStore.jsm, line 66: Error: Can't find profile directory.
console.warn: SearchSettings: "get: No settings file exists, new profile?" (new Error("", "(unknown module)"))
1621537881856	Marionette	INFO	Listening on port 58778
1621537881970	Marionette	WARN	TLS certificate errors will be ignored for this session
1621537895762	Marionette	INFO	Stopped listening on port 58778

###!!! [Child][RunMessage] Error: Channel closing: too late to send/recv, messages will be lost

1621538028360	mozrunner::runner	INFO	Running command: "C:\\Program Files\\Mozilla Firefox\\firefox.exe" "-marionette" "-foreground" "-no-remote" "-profile" "C:\\Users\\Ganesh\\AppData\\Local\\Temp\\rust_mozprofileXeK37R"
1621538029507	Marionette	INFO	Marionette enabled
JavaScript error: resource://gre/modules/XULStore.jsm, line 66: Error: Can't find profile directory.
console.warn: SearchSettings: "get: No settings file exists, new profile?" (new Error("", "(unknown module)"))
1621538035830	Marionette	INFO	Listening on port 58914
1621538036408	Marionette	WARN	TLS certificate errors will be ignored for this session
1621538053422	Marionette	INFO	Stopped listening on port 58914

###!!! [Child][RunMessage] Error: Channel closing: too late to send/recv, messages will be lost

1621538070652	mozrunner::runner	INFO	Running command: "C:\\Program Files\\Mozilla Firefox\\firefox.exe" "-marionette" "-foreground" "-no-remote" "-profile" "C:\\Users\\Ganesh\\AppData\\Local\\Temp\\rust_mozprofilexRhb90"
1621538071889	Marionette	INFO	Marionette enabled
JavaScript error: resource://gre/modules/XULStore.jsm, line 66: Error: Can't find profile directory.
console.warn: SearchSettings: "get: No settings file exists, new profile?" (new Error("", "(unknown module)"))
1621538078291	Marionette	INFO	Listening on port 59011
1621538078616	Marionette	WARN	TLS certificate errors will be ignored for this session
1621538093038	Marionette	INFO	Stopped listening on port 59011

###!!! [Child][RunMessage] Error: Channel closing: too late to send/recv, messages will be lost

1621538249709	mozrunner::runner	INFO	Running command: "C:\\Program Files\\Mozilla Firefox\\firefox.exe" "-marionette" "-foreground" "-no-remote" "-profile" "C:\\Users\\Ganesh\\AppData\\Local\\Temp\\rust_mozprofile0EIDdD"
1621538251097	Marionette	INFO	Marionette enabled
JavaScript error: resource://gre/modules/XULStore.jsm, line 66: Error: Can't find profile directory.
console.warn: SearchSettings: "get: No settings file exists, new profile?" (new Error("", "(unknown module)"))
1621538256963	Marionette	INFO	Listening on port 59231
1621538257137	Marionette	WARN	TLS certificate errors will be ignored for this session
1621538269899	Marionette	INFO	Stopped listening on port 59231

###!!! [Child][RunMessage] Error: Channel closing: too late to send/recv, messages will be lost

1621538435826	mozrunner::runner	INFO	Running command: "C:\\Program Files\\Mozilla Firefox\\firefox.exe" "-marionette" "-foreground" "-no-remote" "-profile" "C:\\Users\\Ganesh\\AppData\\Local\\Temp\\rust_mozprofilekKskbL"
1621538437109	Marionette	INFO	Marionette enabled
JavaScript error: resource://gre/modules/XULStore.jsm, line 66: Error: Can't find profile directory.
console.warn: SearchSettings: "get: No settings file exists, new profile?" (new Error("", "(unknown module)"))
1621538443521	Marionette	INFO	Listening on port 59465
1621538443826	Marionette	WARN	TLS certificate errors will be ignored for this session
JavaScript error: , line 0: NotFoundError: No such JSWindowActor 'MarionetteEvents'
1621538475773	Marionette	INFO	Stopped listening on port 59465

###!!! [Child][RunMessage] Error: Channel closing: too late to send/recv, messages will be lost

1621538482386	mozrunner::runner	INFO	Running command: "C:\\Program Files\\Mozilla Firefox\\firefox.exe" "-marionette" "-foreground" "-no-remote" "-profile" "C:\\Users\\Ganesh\\AppData\\Local\\Temp\\rust_mozprofiledBD26z"
1621538483384	Marionette	INFO	Marionette enabled
JavaScript error: resource://gre/modules/XULStore.jsm, line 66: Error: Can't find profile directory.
console.warn: SearchSettings: "get: No settings file exists, new profile?" (new Error("", "(unknown module)"))
1621538491741	Marionette	INFO	Listening on port 59569
1621538491966	Marionette	WARN	TLS certificate errors will be ignored for this session
JavaScript error: resource://gre/modules/AsyncShutdown.jsm, line 575: NotFoundError: No such JSWindowActor 'MarionetteEvents'
1621538516976	Marionette	INFO	Stopped listening on port 59569

###!!! [Child][RunMessage] Error: Channel closing: too late to send/recv, messages will be lost

1621538522641	mozrunner::runner	INFO	Running command: "C:\\Program Files\\Mozilla Firefox\\firefox.exe" "-marionette" "-foreground" "-no-remote" "-profile" "C:\\Users\\Ganesh\\AppData\\Local\\Temp\\rust_mozprofilecBiKms"
1621538523545	Marionette	INFO	Marionette enabled
JavaScript error: resource://gre/modules/XULStore.jsm, line 66: Error: Can't find profile directory.
console.warn: SearchSettings: "get: No settings file exists, new profile?" (new Error("", "(unknown module)"))
1621538531983	Marionette	INFO	Listening on port 59676
1621538532478	Marionette	WARN	TLS certificate errors will be ignored for this session
1621538569326	Marionette	INFO	Stopped listening on port 59676

###!!! [Child][RunMessage] Error: Channel closing: too late to send/recv, messages will be lost

1621538573971	mozrunner::runner	INFO	Running command: "C:\\Program Files\\Mozilla Firefox\\firefox.exe" "-marionette" "-foreground" "-no-remote" "-profile" "C:\\Users\\Ganesh\\AppData\\Local\\Temp\\rust_mozprofileFloc8F"
1621538574947	Marionette	INFO	Marionette enabled
JavaScript error: resource://gre/modules/XULStore.jsm, line 66: Error: Can't find profile directory.
console.warn: SearchSettings: "get: No settings file exists, new profile?" (new Error("", "(unknown module)"))
1621538581038	Marionette	INFO	Listening on port 59805
1621538581419	Marionette	WARN	TLS certificate errors will be ignored for this session
1621538595606	Marionette	INFO	Stopped listening on port 59805

###!!! [Child][RunMessage] Error: Channel closing: too late to send/recv, messages will be lost

1621538614251	mozrunner::runner	INFO	Running command: "C:\\Program Files\\Mozilla Firefox\\firefox.exe" "-marionette" "-foreground" "-no-remote" "-profile" "C:\\Users\\Ganesh\\AppData\\Local\\Temp\\rust_mozprofile0imdfx"
1621538615158	Marionette	INFO	Marionette enabled
JavaScript error: resource://gre/modules/XULStore.jsm, line 66: Error: Can't find profile directory.
console.warn: SearchSettings: "get: No settings file exists, new profile?" (new Error("", "(unknown module)"))
1621538621176	Marionette	INFO	Listening on port 59910
1621538621698	Marionette	WARN	TLS certificate errors will be ignored for this session
1621538780807	Marionette	INFO	Stopped listening on port 59910

###!!! [Child][RunMessage] Error: Channel closing: too late to send/recv, messages will be lost

